2022-09-08 12:53:56,427 : INFO : file_log_report : Showing data information
2022-09-08 12:53:56,427 : INFO : file_log_report : Showing data information
2022-09-08 12:56:51,154 : INFO : file_log_report : Showing data information
2022-09-08 12:56:51,154 : INFO : file_log_report : Showing data information
2022-09-08 12:56:51,154 : INFO : file_log_report : Showing data information
2022-09-08 13:04:43,628 : INFO : file_log_report : Showing data information
2022-09-08 13:04:43,628 : INFO : file_log_report : Showing data information
2022-09-08 13:23:25,954 : INFO : file_log_report : Showing data information
2022-09-08 13:23:25,954 : INFO : file_log_report : Showing data information
2022-09-08 13:23:25,954 : INFO : file_log_report : Showing data information
2022-09-08 13:37:30,538 : INFO : file_log_report : Showing data information
2022-09-08 13:37:30,538 : INFO : file_log_report : Showing data information
2022-09-08 13:37:30,538 : INFO : file_log_report : Showing data information
2022-09-08 13:37:30,538 : INFO : file_log_report : Showing data information
2022-09-08 13:47:45,269 : INFO : file_log_report : Colums with missing values: ['CompetitionDistance', 'CompetitionOpenSinceMonth', 'CompetitionOpenSinceYear', 'Promo2SinceWeek', 'Promo2SinceYear', 'PromoInterval']
2022-09-08 13:47:45,269 : INFO : file_log_report : Colums with missing values: ['CompetitionDistance', 'CompetitionOpenSinceMonth', 'CompetitionOpenSinceYear', 'Promo2SinceWeek', 'Promo2SinceYear', 'PromoInterval']
2022-09-08 13:47:45,269 : INFO : file_log_report : Colums with missing values: ['CompetitionDistance', 'CompetitionOpenSinceMonth', 'CompetitionOpenSinceYear', 'Promo2SinceWeek', 'Promo2SinceYear', 'PromoInterval']
2022-09-08 13:47:45,269 : INFO : file_log_report : Colums with missing values: ['CompetitionDistance', 'CompetitionOpenSinceMonth', 'CompetitionOpenSinceYear', 'Promo2SinceWeek', 'Promo2SinceYear', 'PromoInterval']
2022-09-08 13:47:50,394 : INFO : file_log_report : Showing missing percentage
2022-09-08 13:47:50,394 : INFO : file_log_report : Showing missing percentage
2022-09-08 13:47:50,394 : INFO : file_log_report : Showing missing percentage
2022-09-08 13:47:50,394 : INFO : file_log_report : Showing missing percentage
2022-09-08 13:48:12,482 : INFO : file_log_report : Colums with missing values: ['CompetitionDistance', 'CompetitionOpenSinceMonth', 'CompetitionOpenSinceYear', 'Promo2SinceWeek', 'Promo2SinceYear', 'PromoInterval']
2022-09-08 13:48:12,482 : INFO : file_log_report : Colums with missing values: ['CompetitionDistance', 'CompetitionOpenSinceMonth', 'CompetitionOpenSinceYear', 'Promo2SinceWeek', 'Promo2SinceYear', 'PromoInterval']
2022-09-08 13:48:12,482 : INFO : file_log_report : Colums with missing values: ['CompetitionDistance', 'CompetitionOpenSinceMonth', 'CompetitionOpenSinceYear', 'Promo2SinceWeek', 'Promo2SinceYear', 'PromoInterval']
2022-09-08 13:48:12,482 : INFO : file_log_report : Colums with missing values: ['CompetitionDistance', 'CompetitionOpenSinceMonth', 'CompetitionOpenSinceYear', 'Promo2SinceWeek', 'Promo2SinceYear', 'PromoInterval']
2022-09-08 14:01:21,374 : INFO : file_log_report : Colums with missing values: ['CompetitionDistance', 'CompetitionOpenSinceMonth', 'CompetitionOpenSinceYear', 'Promo2SinceWeek', 'Promo2SinceYear', 'PromoInterval']
2022-09-08 14:01:21,374 : INFO : file_log_report : Colums with missing values: ['CompetitionDistance', 'CompetitionOpenSinceMonth', 'CompetitionOpenSinceYear', 'Promo2SinceWeek', 'Promo2SinceYear', 'PromoInterval']
2022-09-08 14:01:21,374 : INFO : file_log_report : Colums with missing values: ['CompetitionDistance', 'CompetitionOpenSinceMonth', 'CompetitionOpenSinceYear', 'Promo2SinceWeek', 'Promo2SinceYear', 'PromoInterval']
2022-09-08 14:01:21,374 : INFO : file_log_report : Colums with missing values: ['CompetitionDistance', 'CompetitionOpenSinceMonth', 'CompetitionOpenSinceYear', 'Promo2SinceWeek', 'Promo2SinceYear', 'PromoInterval']
2022-09-08 14:01:22,991 : INFO : file_log_report : Showing missing percentage
2022-09-08 14:01:22,991 : INFO : file_log_report : Showing missing percentage
2022-09-08 14:01:22,991 : INFO : file_log_report : Showing missing percentage
2022-09-08 14:01:22,991 : INFO : file_log_report : Showing missing percentage
2022-09-08 15:54:50,008 : INFO : file_log_report : Showing data information
2022-09-08 15:54:50,008 : INFO : file_log_report : Showing data information
2022-09-08 15:54:50,008 : INFO : file_log_report : Showing data information
2022-09-08 15:54:51,254 : INFO : file_log_report : Colums with missing values: ['CompetitionDistance', 'CompetitionOpenSinceMonth', 'CompetitionOpenSinceYear', 'Promo2SinceWeek', 'Promo2SinceYear', 'PromoInterval']
2022-09-08 15:54:51,254 : INFO : file_log_report : Colums with missing values: ['CompetitionDistance', 'CompetitionOpenSinceMonth', 'CompetitionOpenSinceYear', 'Promo2SinceWeek', 'Promo2SinceYear', 'PromoInterval']
2022-09-08 15:54:51,254 : INFO : file_log_report : Colums with missing values: ['CompetitionDistance', 'CompetitionOpenSinceMonth', 'CompetitionOpenSinceYear', 'Promo2SinceWeek', 'Promo2SinceYear', 'PromoInterval']
2022-09-08 15:54:51,928 : INFO : file_log_report : Showing missing percentage
2022-09-08 15:54:51,928 : INFO : file_log_report : Showing missing percentage
2022-09-08 15:54:51,928 : INFO : file_log_report : Showing missing percentage
2022-09-08 15:56:10,164 : INFO : file_log_report : Showing data information
2022-09-08 15:56:10,164 : INFO : file_log_report : Showing data information
2022-09-08 15:56:10,164 : INFO : file_log_report : Showing data information
2022-09-08 15:56:10,775 : INFO : file_log_report : Colums with missing values: ['CompetitionDistance', 'CompetitionOpenSinceMonth', 'CompetitionOpenSinceYear', 'Promo2SinceWeek', 'Promo2SinceYear', 'PromoInterval']
2022-09-08 15:56:10,775 : INFO : file_log_report : Colums with missing values: ['CompetitionDistance', 'CompetitionOpenSinceMonth', 'CompetitionOpenSinceYear', 'Promo2SinceWeek', 'Promo2SinceYear', 'PromoInterval']
2022-09-08 15:56:10,775 : INFO : file_log_report : Colums with missing values: ['CompetitionDistance', 'CompetitionOpenSinceMonth', 'CompetitionOpenSinceYear', 'Promo2SinceWeek', 'Promo2SinceYear', 'PromoInterval']
2022-09-08 15:56:10,976 : INFO : file_log_report : Showing missing percentage
2022-09-08 15:56:10,976 : INFO : file_log_report : Showing missing percentage
2022-09-08 15:56:10,976 : INFO : file_log_report : Showing missing percentage
2022-09-08 15:57:41,258 : INFO : file_log_report : Outlier for Sales is fixed
2022-09-08 15:57:41,258 : INFO : file_log_report : Outlier for Sales is fixed
2022-09-08 15:57:41,258 : INFO : file_log_report : Outlier for Sales is fixed
2022-09-08 15:57:41,258 : INFO : file_log_report : Outlier for Sales is fixed
2022-09-08 15:57:41,258 : INFO : file_log_report : Outlier for Sales is fixed
2022-09-08 15:57:41,258 : INFO : file_log_report : Outlier for Sales is fixed
2022-09-08 15:57:59,948 : INFO : file_log_report : Outlier for CompetitionDistance is fixed
2022-09-08 15:57:59,948 : INFO : file_log_report : Outlier for CompetitionDistance is fixed
2022-09-08 15:57:59,948 : INFO : file_log_report : Outlier for CompetitionDistance is fixed
2022-09-08 15:57:59,948 : INFO : file_log_report : Outlier for CompetitionDistance is fixed
2022-09-08 15:57:59,948 : INFO : file_log_report : Outlier for CompetitionDistance is fixed
2022-09-08 15:57:59,948 : INFO : file_log_report : Outlier for CompetitionDistance is fixed
2022-09-08 15:57:59,953 : INFO : file_log_report : Outlier for CompetitionOpenSinceMonth is fixed
2022-09-08 15:57:59,953 : INFO : file_log_report : Outlier for CompetitionOpenSinceMonth is fixed
2022-09-08 15:57:59,953 : INFO : file_log_report : Outlier for CompetitionOpenSinceMonth is fixed
2022-09-08 15:57:59,953 : INFO : file_log_report : Outlier for CompetitionOpenSinceMonth is fixed
2022-09-08 15:57:59,953 : INFO : file_log_report : Outlier for CompetitionOpenSinceMonth is fixed
2022-09-08 15:57:59,953 : INFO : file_log_report : Outlier for CompetitionOpenSinceMonth is fixed
2022-09-08 16:59:24,264 : INFO : file_log_report : Colums with missing values: ['floats']
2022-09-08 16:59:24,274 : INFO : file_log_report : Converted to numbers
2022-09-08 16:59:24,275 : INFO : file_log_report : Showing coloumn names
2022-09-08 16:59:24,283 : INFO : file_log_report : Dropped duplicates: Int64Index([], dtype='int64')
2022-09-08 16:59:24,289 : INFO : file_log_report : Showing data information
2022-09-08 16:59:24,365 : INFO : file_log_report : Showing datatypes
2022-09-08 20:30:10,317 : INFO : file_log_report : Showing missing percentage
2022-09-08 20:30:10,317 : INFO : file_log_report : Showing missing percentage
2022-09-08 20:30:10,317 : INFO : file_log_report : Showing missing percentage
2022-09-08 20:30:10,317 : INFO : file_log_report : Showing missing percentage
2022-09-08 20:30:10,317 : INFO : file_log_report : Showing missing percentage
2022-09-08 20:30:10,317 : INFO : file_log_report : Showing missing percentage
2022-09-08 20:30:10,317 : INFO : file_log_report : Showing missing percentage
2022-09-08 20:30:10,317 : INFO : file_log_report : Showing missing percentage
2022-09-09 07:22:29,210 : INFO : file_log_report : Showing data information
2022-09-09 07:22:29,210 : INFO : file_log_report : Showing data information
2022-09-09 07:22:29,210 : INFO : file_log_report : Showing data information
2022-09-09 07:22:29,210 : INFO : file_log_report : Showing data information
2022-09-09 07:22:29,210 : INFO : file_log_report : Showing data information
2022-09-09 07:22:29,210 : INFO : file_log_report : Showing data information
2022-09-09 07:22:29,210 : INFO : file_log_report : Showing data information
2022-09-09 07:22:29,210 : INFO : file_log_report : Showing data information
2022-09-09 07:22:29,210 : INFO : file_log_report : Showing data information
2022-09-09 07:22:30,683 : INFO : file_log_report : Colums with missing values: ['CompetitionDistance', 'CompetitionOpenSinceMonth', 'CompetitionOpenSinceYear', 'Promo2SinceWeek', 'Promo2SinceYear', 'PromoInterval']
2022-09-09 07:22:30,683 : INFO : file_log_report : Colums with missing values: ['CompetitionDistance', 'CompetitionOpenSinceMonth', 'CompetitionOpenSinceYear', 'Promo2SinceWeek', 'Promo2SinceYear', 'PromoInterval']
2022-09-09 07:22:30,683 : INFO : file_log_report : Colums with missing values: ['CompetitionDistance', 'CompetitionOpenSinceMonth', 'CompetitionOpenSinceYear', 'Promo2SinceWeek', 'Promo2SinceYear', 'PromoInterval']
2022-09-09 07:22:30,683 : INFO : file_log_report : Colums with missing values: ['CompetitionDistance', 'CompetitionOpenSinceMonth', 'CompetitionOpenSinceYear', 'Promo2SinceWeek', 'Promo2SinceYear', 'PromoInterval']
2022-09-09 07:22:30,683 : INFO : file_log_report : Colums with missing values: ['CompetitionDistance', 'CompetitionOpenSinceMonth', 'CompetitionOpenSinceYear', 'Promo2SinceWeek', 'Promo2SinceYear', 'PromoInterval']
2022-09-09 07:22:30,683 : INFO : file_log_report : Colums with missing values: ['CompetitionDistance', 'CompetitionOpenSinceMonth', 'CompetitionOpenSinceYear', 'Promo2SinceWeek', 'Promo2SinceYear', 'PromoInterval']
2022-09-09 07:22:30,683 : INFO : file_log_report : Colums with missing values: ['CompetitionDistance', 'CompetitionOpenSinceMonth', 'CompetitionOpenSinceYear', 'Promo2SinceWeek', 'Promo2SinceYear', 'PromoInterval']
2022-09-09 07:22:30,683 : INFO : file_log_report : Colums with missing values: ['CompetitionDistance', 'CompetitionOpenSinceMonth', 'CompetitionOpenSinceYear', 'Promo2SinceWeek', 'Promo2SinceYear', 'PromoInterval']
2022-09-09 07:22:30,683 : INFO : file_log_report : Colums with missing values: ['CompetitionDistance', 'CompetitionOpenSinceMonth', 'CompetitionOpenSinceYear', 'Promo2SinceWeek', 'Promo2SinceYear', 'PromoInterval']
2022-09-09 07:22:31,379 : INFO : file_log_report : Showing missing percentage
2022-09-09 07:22:31,379 : INFO : file_log_report : Showing missing percentage
2022-09-09 07:22:31,379 : INFO : file_log_report : Showing missing percentage
2022-09-09 07:22:31,379 : INFO : file_log_report : Showing missing percentage
2022-09-09 07:22:31,379 : INFO : file_log_report : Showing missing percentage
2022-09-09 07:22:31,379 : INFO : file_log_report : Showing missing percentage
2022-09-09 07:22:31,379 : INFO : file_log_report : Showing missing percentage
2022-09-09 07:22:31,379 : INFO : file_log_report : Showing missing percentage
2022-09-09 07:22:31,379 : INFO : file_log_report : Showing missing percentage
2022-09-09 07:22:34,248 : INFO : file_log_report : Showing missing percentage
2022-09-09 07:22:34,248 : INFO : file_log_report : Showing missing percentage
2022-09-09 07:22:34,248 : INFO : file_log_report : Showing missing percentage
2022-09-09 07:22:34,248 : INFO : file_log_report : Showing missing percentage
2022-09-09 07:22:34,248 : INFO : file_log_report : Showing missing percentage
2022-09-09 07:22:34,248 : INFO : file_log_report : Showing missing percentage
2022-09-09 07:22:34,248 : INFO : file_log_report : Showing missing percentage
2022-09-09 07:22:34,248 : INFO : file_log_report : Showing missing percentage
2022-09-09 07:22:34,248 : INFO : file_log_report : Showing missing percentage
2022-09-09 07:22:34,248 : INFO : file_log_report : Showing missing percentage
2022-09-09 07:22:34,248 : INFO : file_log_report : Showing missing percentage
2022-09-09 07:22:34,248 : INFO : file_log_report : Showing missing percentage
2022-09-09 07:22:34,248 : INFO : file_log_report : Showing missing percentage
2022-09-09 07:22:39,209 : INFO : file_log_report : Outlier for Sales is fixed
2022-09-09 07:22:39,209 : INFO : file_log_report : Outlier for Sales is fixed
2022-09-09 07:22:39,209 : INFO : file_log_report : Outlier for Sales is fixed
2022-09-09 07:22:39,209 : INFO : file_log_report : Outlier for Sales is fixed
2022-09-09 07:22:39,209 : INFO : file_log_report : Outlier for Sales is fixed
2022-09-09 07:22:39,209 : INFO : file_log_report : Outlier for Sales is fixed
2022-09-09 07:22:39,209 : INFO : file_log_report : Outlier for Sales is fixed
2022-09-09 07:22:39,209 : INFO : file_log_report : Outlier for Sales is fixed
2022-09-09 07:22:39,209 : INFO : file_log_report : Outlier for Sales is fixed
2022-09-09 07:22:39,209 : INFO : file_log_report : Outlier for Sales is fixed
2022-09-09 07:22:39,209 : INFO : file_log_report : Outlier for Sales is fixed
2022-09-09 07:22:39,209 : INFO : file_log_report : Outlier for Sales is fixed
2022-09-09 07:22:39,209 : INFO : file_log_report : Outlier for Sales is fixed
2022-09-09 07:22:40,464 : INFO : file_log_report : Outlier for CompetitionDistance is fixed
2022-09-09 07:22:40,464 : INFO : file_log_report : Outlier for CompetitionDistance is fixed
2022-09-09 07:22:40,464 : INFO : file_log_report : Outlier for CompetitionDistance is fixed
2022-09-09 07:22:40,464 : INFO : file_log_report : Outlier for CompetitionDistance is fixed
2022-09-09 07:22:40,464 : INFO : file_log_report : Outlier for CompetitionDistance is fixed
2022-09-09 07:22:40,464 : INFO : file_log_report : Outlier for CompetitionDistance is fixed
2022-09-09 07:22:40,464 : INFO : file_log_report : Outlier for CompetitionDistance is fixed
2022-09-09 07:22:40,464 : INFO : file_log_report : Outlier for CompetitionDistance is fixed
2022-09-09 07:22:40,464 : INFO : file_log_report : Outlier for CompetitionDistance is fixed
2022-09-09 07:22:40,464 : INFO : file_log_report : Outlier for CompetitionDistance is fixed
2022-09-09 07:22:40,464 : INFO : file_log_report : Outlier for CompetitionDistance is fixed
2022-09-09 07:22:40,464 : INFO : file_log_report : Outlier for CompetitionDistance is fixed
2022-09-09 07:22:40,464 : INFO : file_log_report : Outlier for CompetitionDistance is fixed
2022-09-09 07:22:40,468 : INFO : file_log_report : Outlier for CompetitionOpenSinceMonth is fixed
2022-09-09 07:22:40,468 : INFO : file_log_report : Outlier for CompetitionOpenSinceMonth is fixed
2022-09-09 07:22:40,468 : INFO : file_log_report : Outlier for CompetitionOpenSinceMonth is fixed
2022-09-09 07:22:40,468 : INFO : file_log_report : Outlier for CompetitionOpenSinceMonth is fixed
2022-09-09 07:22:40,468 : INFO : file_log_report : Outlier for CompetitionOpenSinceMonth is fixed
2022-09-09 07:22:40,468 : INFO : file_log_report : Outlier for CompetitionOpenSinceMonth is fixed
2022-09-09 07:22:40,468 : INFO : file_log_report : Outlier for CompetitionOpenSinceMonth is fixed
2022-09-09 07:22:40,468 : INFO : file_log_report : Outlier for CompetitionOpenSinceMonth is fixed
2022-09-09 07:22:40,468 : INFO : file_log_report : Outlier for CompetitionOpenSinceMonth is fixed
2022-09-09 07:22:40,468 : INFO : file_log_report : Outlier for CompetitionOpenSinceMonth is fixed
2022-09-09 07:22:40,468 : INFO : file_log_report : Outlier for CompetitionOpenSinceMonth is fixed
2022-09-09 07:22:40,468 : INFO : file_log_report : Outlier for CompetitionOpenSinceMonth is fixed
2022-09-09 07:22:40,468 : INFO : file_log_report : Outlier for CompetitionOpenSinceMonth is fixed
2022-09-09 08:34:48,121 : INFO : file_log_report : Showing data information
2022-09-09 08:34:48,121 : INFO : file_log_report : Showing data information
2022-09-09 08:34:48,121 : INFO : file_log_report : Showing data information
2022-09-09 08:34:48,121 : INFO : file_log_report : Showing data information
2022-09-09 08:34:48,121 : INFO : file_log_report : Showing data information
2022-09-09 08:34:48,121 : INFO : file_log_report : Showing data information
2022-09-09 08:34:48,121 : INFO : file_log_report : Showing data information
2022-09-09 08:34:48,121 : INFO : file_log_report : Showing data information
2022-09-09 08:34:48,121 : INFO : file_log_report : Showing data information
2022-09-09 08:34:48,121 : INFO : file_log_report : Showing data information
2022-09-09 08:34:48,121 : INFO : file_log_report : Showing data information
2022-09-09 08:34:48,121 : INFO : file_log_report : Showing data information
2022-09-09 08:34:48,121 : INFO : file_log_report : Showing data information
2022-09-09 08:34:48,121 : INFO : file_log_report : Showing data information
2022-09-09 08:35:37,290 : INFO : file_log_report : Showing data information
2022-09-09 08:35:37,290 : INFO : file_log_report : Showing data information
2022-09-09 08:35:37,290 : INFO : file_log_report : Showing data information
2022-09-09 08:35:37,290 : INFO : file_log_report : Showing data information
2022-09-09 08:35:37,290 : INFO : file_log_report : Showing data information
2022-09-09 08:35:37,290 : INFO : file_log_report : Showing data information
2022-09-09 08:35:37,290 : INFO : file_log_report : Showing data information
2022-09-09 08:35:37,290 : INFO : file_log_report : Showing data information
2022-09-09 08:35:37,290 : INFO : file_log_report : Showing data information
2022-09-09 08:35:37,290 : INFO : file_log_report : Showing data information
2022-09-09 08:35:37,290 : INFO : file_log_report : Showing data information
2022-09-09 08:35:37,290 : INFO : file_log_report : Showing data information
2022-09-09 08:35:37,290 : INFO : file_log_report : Showing data information
2022-09-09 08:35:37,290 : INFO : file_log_report : Showing data information
2022-09-09 08:35:37,290 : INFO : file_log_report : Showing data information
2022-09-09 09:33:14,369 : INFO : file_log_report : Outlier for Customers is fixed
2022-09-09 09:33:14,369 : INFO : file_log_report : Outlier for Customers is fixed
2022-09-09 09:33:14,369 : INFO : file_log_report : Outlier for Customers is fixed
2022-09-09 09:33:14,369 : INFO : file_log_report : Outlier for Customers is fixed
2022-09-09 09:33:14,369 : INFO : file_log_report : Outlier for Customers is fixed
2022-09-09 09:33:14,369 : INFO : file_log_report : Outlier for Customers is fixed
2022-09-09 09:33:14,369 : INFO : file_log_report : Outlier for Customers is fixed
2022-09-09 09:33:14,369 : INFO : file_log_report : Outlier for Customers is fixed
2022-09-09 09:33:14,369 : INFO : file_log_report : Outlier for Customers is fixed
2022-09-09 09:33:14,369 : INFO : file_log_report : Outlier for Customers is fixed
2022-09-09 09:33:14,369 : INFO : file_log_report : Outlier for Customers is fixed
2022-09-09 09:33:14,369 : INFO : file_log_report : Outlier for Customers is fixed
2022-09-09 09:33:14,369 : INFO : file_log_report : Outlier for Customers is fixed
2022-09-09 09:33:14,369 : INFO : file_log_report : Outlier for Customers is fixed
2022-09-09 09:33:14,369 : INFO : file_log_report : Outlier for Customers is fixed
2022-09-09 09:33:14,369 : INFO : file_log_report : Outlier for Customers is fixed
2022-09-09 09:33:14,463 : INFO : file_log_report : Outlier for Sales is fixed
2022-09-09 09:33:14,463 : INFO : file_log_report : Outlier for Sales is fixed
2022-09-09 09:33:14,463 : INFO : file_log_report : Outlier for Sales is fixed
2022-09-09 09:33:14,463 : INFO : file_log_report : Outlier for Sales is fixed
2022-09-09 09:33:14,463 : INFO : file_log_report : Outlier for Sales is fixed
2022-09-09 09:33:14,463 : INFO : file_log_report : Outlier for Sales is fixed
2022-09-09 09:33:14,463 : INFO : file_log_report : Outlier for Sales is fixed
2022-09-09 09:33:14,463 : INFO : file_log_report : Outlier for Sales is fixed
2022-09-09 09:33:14,463 : INFO : file_log_report : Outlier for Sales is fixed
2022-09-09 09:33:14,463 : INFO : file_log_report : Outlier for Sales is fixed
2022-09-09 09:33:14,463 : INFO : file_log_report : Outlier for Sales is fixed
2022-09-09 09:33:14,463 : INFO : file_log_report : Outlier for Sales is fixed
2022-09-09 09:33:14,463 : INFO : file_log_report : Outlier for Sales is fixed
2022-09-09 09:33:14,463 : INFO : file_log_report : Outlier for Sales is fixed
2022-09-09 09:33:14,463 : INFO : file_log_report : Outlier for Sales is fixed
2022-09-09 09:33:14,463 : INFO : file_log_report : Outlier for Sales is fixed
